###############################################################
#  Generated by:      Cadence Innovus 21.13-s100_1
#  OS:                Linux x86_64(Host ID ic53)
#  Generated on:      Wed Oct 18 02:56:44 2023
#  Design:            top
#  Command:           report_timing > timing.rpt 
###############################################################
Path 1: MET Setup Check with Pin randomize/data_out_reg_33_/CK 
Endpoint:   randomize/data_out_reg_33_/D (^) checked with  leading edge of 'CLK'
Beginpoint: sequencer/round_reg_1_/Q     (^) triggered by  leading edge of 'CLK'
Path Groups: {CLK}
Analysis View: generic_view
Other End Arrival Time          0.000
- Setup                         0.087
+ Phase Shift                   7.000
= Required Time                 6.913
- Arrival Time                  6.824
= Slack Time                    0.090
     Clock Rise Edge                 0.000
     + Clock Network Latency (Ideal) 0.000
     = Beginpoint Arrival Time       0.000
     +-----------------------------------------------------------------------------------------+ 
     |            Instance             |     Arc      |   Cell    | Delay | Arrival | Required | 
     |                                 |              |           |       |  Time   |   Time   | 
     |---------------------------------+--------------+-----------+-------+---------+----------| 
     | sequencer/round_reg_1_          | CK ^         |           |       |   0.000 |    0.090 | 
     | sequencer/round_reg_1_          | CK ^ -> Q ^  | DFF_X2    | 0.495 |   0.495 |    0.585 | 
     | randomize/U14                   | A ^ -> ZN v  | INV_X4    | 0.043 |   0.538 |    0.627 | 
     | randomize/U38                   | A2 v -> ZN ^ | NAND2_X2  | 0.063 |   0.601 |    0.690 | 
     | randomize/U35                   | A1 ^ -> ZN v | NOR2_X1   | 0.028 |   0.628 |    0.718 | 
     | randomize/U13                   | A1 v -> ZN ^ | NOR2_X1   | 0.139 |   0.767 |    0.857 | 
     | randomize/U54                   | A ^ -> ZN v  | INV_X1    | 0.043 |   0.810 |    0.900 | 
     | randomize/U40                   | B v -> ZN ^  | AOI211_X1 | 0.256 |   1.066 |    1.156 | 
     | randomize/U41                   | B ^ -> ZN v  | AOI211_X1 | 0.082 |   1.149 |    1.238 | 
     | randomize/U60                   | B1 v -> ZN ^ | AOI22_X1  | 0.213 |   1.361 |    1.451 | 
     | randomize/U42                   | B1 ^ -> ZN v | OAI21_X2  | 0.095 |   1.456 |    1.546 | 
     | FE_PSC36_randomize_n47          | A v -> Z v   | BUF_X2    | 0.158 |   1.615 |    1.704 | 
     | FE_PDC78_randomize_n47          | A v -> Z v   | BUF_X8    | 0.105 |   1.720 |    1.809 | 
     | FE_PSC38_FE_PDN78_randomize_n47 | A v -> Z v   | BUF_X2    | 0.182 |   1.902 |    1.991 | 
     | randomize/U288                  | A2 v -> ZN ^ | AOI22_X1  | 0.327 |   2.229 |    2.319 | 
     | randomize/U289                  | A ^ -> ZN v  | INV_X1    | 0.066 |   2.295 |    2.385 | 
     | randomize/U290                  | B1 v -> ZN ^ | AOI22_X1  | 0.171 |   2.466 |    2.556 | 
     | randomize/U291                  | A1 ^ -> ZN v | NAND2_X1  | 0.082 |   2.548 |    2.638 | 
     | randomize/f_func/U38            | A v -> Z ^   | XOR2_X2   | 0.270 |   2.818 |    2.907 | 
     | randomize/f_func/sbox4a/U5      | A ^ -> ZN v  | INV_X1    | 0.107 |   2.924 |    3.014 | 
     | randomize/f_func/sbox4a/U25     | A3 v -> ZN ^ | NAND3_X1  | 0.258 |   3.182 |    3.272 | 
     | randomize/f_func/sbox4a/U98     | A1 ^ -> ZN v | NOR2_X1   | 0.135 |   3.318 |    3.407 | 
     | randomize/f_func/sbox4a/U100    | A1 v -> ZN ^ | NOR2_X1   | 0.246 |   3.564 |    3.654 | 
     | randomize/f_func/sbox4a/U360    | A1 ^ -> ZN v | NAND4_X1  | 0.149 |   3.713 |    3.803 | 
     | randomize/f_func/sbox4a/U361    | A4 v -> ZN ^ | NOR4_X2   | 0.517 |   4.230 |    4.320 | 
     | randomize/f_func/sbox4a/U365    | A ^ -> ZN v  | INV_X1    | 0.045 |   4.275 |    4.365 | 
     | randomize/f_func/sbox4a/U367    | A3 v -> ZN ^ | NOR4_X1   | 0.424 |   4.699 |    4.789 | 
     | randomize/f_func/sbox4a/U370    | A2 ^ -> ZN v | NAND4_X1  | 0.182 |   4.881 |    4.971 | 
     | randomize/f_func/sbox4a/U371    | B2 v -> ZN ^ | AOI22_X1  | 0.252 |   5.133 |    5.222 | 
     | randomize/f_func/sbox4a/U377    | A ^ -> ZN v  | OAI211_X2 | 0.174 |   5.306 |    5.396 | 
     | randomize/f_func/p_func/U125    | A v -> Z ^   | XOR2_X1   | 0.291 |   5.597 |    5.687 | 
     | randomize/f_func/p_func/U126    | B ^ -> ZN ^  | XNOR2_X1  | 0.213 |   5.811 |    5.900 | 
     | randomize/f_func/p_func/U131    | B ^ -> ZN v  | XNOR2_X1  | 0.092 |   5.902 |    5.992 | 
     | randomize/f_func/p_func/U132    | A v -> ZN ^  | XNOR2_X1  | 0.397 |   6.299 |    6.389 | 
     | randomize/U490                  | B ^ -> Z ^   | XOR2_X1   | 0.315 |   6.614 |    6.704 | 
     | randomize/U491                  | B2 ^ -> ZN v | AOI22_X1  | 0.105 |   6.719 |    6.809 | 
     | randomize/U496                  | A1 v -> ZN ^ | NAND4_X1  | 0.105 |   6.824 |    6.913 | 
     | randomize/data_out_reg_33_      | D ^          | DFF_X1    | 0.000 |   6.824 |    6.913 | 
     +-----------------------------------------------------------------------------------------+ 

